[2018-08-03 07:08:06,430] ERROR {org.ballerinalang.net.jms.JMSUtils} - Error while connecting to broker. 
javax.jms.JMSException: Could not connect to broker URL: tcp://localhost:61616. Reason: java.net.ConnectException: Connection refused (Connection refused)
	at org.apache.activemq.util.JMSExceptionSupport.create(JMSExceptionSupport.java:36)
	at org.apache.activemq.ActiveMQConnectionFactory.createActiveMQConnection(ActiveMQConnectionFactory.java:374)
	at org.apache.activemq.ActiveMQConnectionFactory.createActiveMQConnection(ActiveMQConnectionFactory.java:304)
	at org.apache.activemq.ActiveMQConnectionFactory.createConnection(ActiveMQConnectionFactory.java:244)
	at org.ballerinalang.net.jms.JMSUtils.createConnection(JMSUtils.java:105)
	at org.ballerinalang.net.jms.nativeimpl.endpoint.connection.CreateConnection.execute(CreateConnection.java:59)
	at org.ballerinalang.util.program.BLangFunctions.invokeNativeCallable(BLangFunctions.java:386)
	at org.ballerinalang.util.program.BLangFunctions.invokeCallable(BLangFunctions.java:257)
	at org.ballerinalang.bre.bvm.CPU.invokeVirtualFunction(CPU.java:2903)
	at org.ballerinalang.bre.bvm.CPU.tryExec(CPU.java:415)
	at org.ballerinalang.bre.bvm.CPU.exec(CPU.java:148)
	at org.ballerinalang.bre.bvm.BLangScheduler.executeNow(BLangScheduler.java:80)
	at org.ballerinalang.util.program.BLangFunctions.invokeNonNativeCallable(BLangFunctions.java:317)
	at org.ballerinalang.util.program.BLangFunctions.invokeCallable(BLangFunctions.java:264)
	at org.ballerinalang.util.program.BLangFunctions.invokeCallable(BLangFunctions.java:244)
	at org.ballerinalang.util.program.BLangFunctions.invokePackageInitFunction(BLangFunctions.java:464)
	at org.ballerinalang.util.program.BLangFunctions.invokePackageInitFunction(BLangFunctions.java:473)
	at org.ballerinalang.util.program.BLangFunctions.invokePackageInitFunctions(BLangFunctions.java:123)
	at org.ballerinalang.BLangProgramRunner.runService(BLangProgramRunner.java:53)
	at org.ballerinalang.launcher.LauncherUtils.runServices(LauncherUtils.java:144)
	at org.ballerinalang.launcher.LauncherUtils.runProgram(LauncherUtils.java:114)
	at org.ballerinalang.launcher.Main$RunCmd.execute(Main.java:256)
	at java.util.Optional.ifPresent(Optional.java:159)
	at org.ballerinalang.launcher.Main.main(Main.java:66)
Caused by: java.net.ConnectException: Connection refused (Connection refused)
	at java.net.PlainSocketImpl.socketConnect(Native Method)
	at java.net.AbstractPlainSocketImpl.doConnect(AbstractPlainSocketImpl.java:350)
	at java.net.AbstractPlainSocketImpl.connectToAddress(AbstractPlainSocketImpl.java:206)
	at java.net.AbstractPlainSocketImpl.connect(AbstractPlainSocketImpl.java:188)
	at java.net.SocksSocketImpl.connect(SocksSocketImpl.java:392)
	at java.net.Socket.connect(Socket.java:589)
	at org.apache.activemq.transport.tcp.TcpTransport.connect(TcpTransport.java:525)
	at org.apache.activemq.transport.tcp.TcpTransport.doStart(TcpTransport.java:488)
	at org.apache.activemq.util.ServiceSupport.start(ServiceSupport.java:55)
	at org.apache.activemq.transport.AbstractInactivityMonitor.start(AbstractInactivityMonitor.java:169)
	at org.apache.activemq.transport.InactivityMonitor.start(InactivityMonitor.java:52)
	at org.apache.activemq.transport.TransportFilter.start(TransportFilter.java:64)
	at org.apache.activemq.transport.WireFormatNegotiator.start(WireFormatNegotiator.java:72)
	at org.apache.activemq.transport.TransportFilter.start(TransportFilter.java:64)
	at org.apache.activemq.transport.TransportFilter.start(TransportFilter.java:64)
	at org.apache.activemq.ActiveMQConnectionFactory.createActiveMQConnection(ActiveMQConnectionFactory.java:354)
	... 22 more
 
[2018-08-05 22:29:19,302] ERROR {org.ballerinalang.net.jms.LoggingExceptionListener} - Connection exception received. 
javax.jms.JMSException: java.io.EOFException
	at org.apache.activemq.util.JMSExceptionSupport.create(JMSExceptionSupport.java:54)
	at org.apache.activemq.ActiveMQConnection.onAsyncException(ActiveMQConnection.java:1972)
	at org.apache.activemq.ActiveMQConnection.onException(ActiveMQConnection.java:1991)
	at org.apache.activemq.transport.TransportFilter.onException(TransportFilter.java:101)
	at org.apache.activemq.transport.ResponseCorrelator.onException(ResponseCorrelator.java:126)
	at org.apache.activemq.transport.TransportFilter.onException(TransportFilter.java:101)
	at org.apache.activemq.transport.TransportFilter.onException(TransportFilter.java:101)
	at org.apache.activemq.transport.WireFormatNegotiator.onException(WireFormatNegotiator.java:160)
	at org.apache.activemq.transport.AbstractInactivityMonitor.onException(AbstractInactivityMonitor.java:344)
	at org.apache.activemq.transport.TransportSupport.onException(TransportSupport.java:96)
	at org.apache.activemq.transport.tcp.TcpTransport.run(TcpTransport.java:200)
	at java.lang.Thread.run(Thread.java:748)
Caused by: java.io.EOFException
	at java.io.DataInputStream.readInt(DataInputStream.java:392)
	at org.apache.activemq.openwire.OpenWireFormat.unmarshal(OpenWireFormat.java:267)
	at org.apache.activemq.transport.tcp.TcpTransport.readCommand(TcpTransport.java:221)
	at org.apache.activemq.transport.tcp.TcpTransport.doRun(TcpTransport.java:213)
	at org.apache.activemq.transport.tcp.TcpTransport.run(TcpTransport.java:196)
	... 1 more
 
