[2018-08-03 05:54:21,499] ERROR {org.ballerinalang.launcher.Main} - Do you mean to run the ballerina package as a project? If so run ballerina init to make it a project with a .ballerina directory 
org.ballerinalang.util.exceptions.BallerinaException: Do you mean to run the ballerina package as a project? If so run ballerina init to make it a project with a .ballerina directory
	at org.ballerinalang.launcher.LauncherUtils.runProgram(LauncherUtils.java:90)
	at org.ballerinalang.launcher.Main$RunCmd.execute(Main.java:256)
	at java.util.Optional.ifPresent(Optional.java:159)
	at org.ballerinalang.launcher.Main.main(Main.java:66)
 
[2018-08-03 05:54:48,948] ERROR {org.ballerinalang.launcher.Main} - Do you mean to run the ballerina package as a project? If so run ballerina init to make it a project with a .ballerina directory 
org.ballerinalang.util.exceptions.BallerinaException: Do you mean to run the ballerina package as a project? If so run ballerina init to make it a project with a .ballerina directory
	at org.ballerinalang.launcher.LauncherUtils.runProgram(LauncherUtils.java:90)
	at org.ballerinalang.launcher.Main$RunCmd.execute(Main.java:256)
	at java.util.Optional.ifPresent(Optional.java:159)
	at org.ballerinalang.launcher.Main.main(Main.java:66)
 
[2018-08-03 06:02:25,818] ERROR {org.wso2.transport.http.netty.sender.TargetErrorHandler} - Error in HTTP client: Idle timeout triggered before initiating inbound response  
[2018-08-03 06:03:59,101] ERROR {org.ballerinalang.net.http.HttpConnectorPortBindingListener} - Error in http endpoint 
java.net.BindException: Address already in use
	at sun.nio.ch.Net.bind0(Native Method)
	at sun.nio.ch.Net.bind(Net.java:433)
	at sun.nio.ch.Net.bind(Net.java:425)
	at sun.nio.ch.ServerSocketChannelImpl.bind(ServerSocketChannelImpl.java:223)
	at io.netty.channel.socket.nio.NioServerSocketChannel.doBind(NioServerSocketChannel.java:128)
	at io.netty.channel.AbstractChannel$AbstractUnsafe.bind(AbstractChannel.java:558)
	at io.netty.channel.DefaultChannelPipeline$HeadContext.bind(DefaultChannelPipeline.java:1283)
	at io.netty.channel.AbstractChannelHandlerContext.invokeBind(AbstractChannelHandlerContext.java:501)
	at io.netty.channel.AbstractChannelHandlerContext.bind(AbstractChannelHandlerContext.java:486)
	at io.netty.channel.DefaultChannelPipeline.bind(DefaultChannelPipeline.java:989)
	at io.netty.channel.AbstractChannel.bind(AbstractChannel.java:254)
	at io.netty.bootstrap.AbstractBootstrap$2.run(AbstractBootstrap.java:364)
	at io.netty.util.concurrent.AbstractEventExecutor.safeExecute(AbstractEventExecutor.java:163)
	at io.netty.util.concurrent.SingleThreadEventExecutor.runAllTasks(SingleThreadEventExecutor.java:404)
	at io.netty.channel.nio.NioEventLoop.run(NioEventLoop.java:463)
	at io.netty.util.concurrent.SingleThreadEventExecutor$5.run(SingleThreadEventExecutor.java:886)
	at io.netty.util.concurrent.FastThreadLocalRunnable.run(FastThreadLocalRunnable.java:30)
	at java.lang.Thread.run(Thread.java:748)
 
[2018-08-03 06:04:52,681] ERROR {org.ballerinalang.net.http.HttpConnectorPortBindingListener} - Error in http endpoint 
java.net.BindException: Address already in use
	at sun.nio.ch.Net.bind0(Native Method)
	at sun.nio.ch.Net.bind(Net.java:433)
	at sun.nio.ch.Net.bind(Net.java:425)
	at sun.nio.ch.ServerSocketChannelImpl.bind(ServerSocketChannelImpl.java:223)
	at io.netty.channel.socket.nio.NioServerSocketChannel.doBind(NioServerSocketChannel.java:128)
	at io.netty.channel.AbstractChannel$AbstractUnsafe.bind(AbstractChannel.java:558)
	at io.netty.channel.DefaultChannelPipeline$HeadContext.bind(DefaultChannelPipeline.java:1283)
	at io.netty.channel.AbstractChannelHandlerContext.invokeBind(AbstractChannelHandlerContext.java:501)
	at io.netty.channel.AbstractChannelHandlerContext.bind(AbstractChannelHandlerContext.java:486)
	at io.netty.channel.DefaultChannelPipeline.bind(DefaultChannelPipeline.java:989)
	at io.netty.channel.AbstractChannel.bind(AbstractChannel.java:254)
	at io.netty.bootstrap.AbstractBootstrap$2.run(AbstractBootstrap.java:364)
	at io.netty.util.concurrent.AbstractEventExecutor.safeExecute(AbstractEventExecutor.java:163)
	at io.netty.util.concurrent.SingleThreadEventExecutor.runAllTasks(SingleThreadEventExecutor.java:404)
	at io.netty.channel.nio.NioEventLoop.run(NioEventLoop.java:463)
	at io.netty.util.concurrent.SingleThreadEventExecutor$5.run(SingleThreadEventExecutor.java:886)
	at io.netty.util.concurrent.FastThreadLocalRunnable.run(FastThreadLocalRunnable.java:30)
	at java.lang.Thread.run(Thread.java:748)
 
[2018-08-03 06:05:30,473] ERROR {org.ballerinalang.net.http.HttpConnectorPortBindingListener} - Error in http endpoint 
java.net.BindException: Address already in use
	at sun.nio.ch.Net.bind0(Native Method)
	at sun.nio.ch.Net.bind(Net.java:433)
	at sun.nio.ch.Net.bind(Net.java:425)
	at sun.nio.ch.ServerSocketChannelImpl.bind(ServerSocketChannelImpl.java:223)
	at io.netty.channel.socket.nio.NioServerSocketChannel.doBind(NioServerSocketChannel.java:128)
	at io.netty.channel.AbstractChannel$AbstractUnsafe.bind(AbstractChannel.java:558)
	at io.netty.channel.DefaultChannelPipeline$HeadContext.bind(DefaultChannelPipeline.java:1283)
	at io.netty.channel.AbstractChannelHandlerContext.invokeBind(AbstractChannelHandlerContext.java:501)
	at io.netty.channel.AbstractChannelHandlerContext.bind(AbstractChannelHandlerContext.java:486)
	at io.netty.channel.DefaultChannelPipeline.bind(DefaultChannelPipeline.java:989)
	at io.netty.channel.AbstractChannel.bind(AbstractChannel.java:254)
	at io.netty.bootstrap.AbstractBootstrap$2.run(AbstractBootstrap.java:364)
	at io.netty.util.concurrent.AbstractEventExecutor.safeExecute(AbstractEventExecutor.java:163)
	at io.netty.util.concurrent.SingleThreadEventExecutor.runAllTasks(SingleThreadEventExecutor.java:404)
	at io.netty.channel.nio.NioEventLoop.run(NioEventLoop.java:463)
	at io.netty.util.concurrent.SingleThreadEventExecutor$5.run(SingleThreadEventExecutor.java:886)
	at io.netty.util.concurrent.FastThreadLocalRunnable.run(FastThreadLocalRunnable.java:30)
	at java.lang.Thread.run(Thread.java:748)
 
[2018-08-03 06:23:08,328] ERROR {org.wso2.transport.http.netty.sender.TargetErrorHandler} - Error in HTTP client: Idle timeout triggered before initiating inbound response  
[2018-08-03 06:23:57,841] WARN  {org.wso2.transport.http.netty.sender.TargetErrorHandler} - Exception occurred in TargetHandler : Connection reset by peer  
[2018-08-03 06:23:57,844] ERROR {org.wso2.transport.http.netty.sender.TargetErrorHandler} - Remote host closed the connection before initiating inbound response  
[2018-08-03 10:06:24,896] ERROR {org.ballerinalang.net.jms.JMSUtils} - Error while connecting to broker. 
javax.jms.JMSException: Could not connect to broker URL: tcp://localhost:61616. Reason: java.net.ConnectException: Connection refused (Connection refused)
	at org.apache.activemq.util.JMSExceptionSupport.create(JMSExceptionSupport.java:36)
	at org.apache.activemq.ActiveMQConnectionFactory.createActiveMQConnection(ActiveMQConnectionFactory.java:374)
	at org.apache.activemq.ActiveMQConnectionFactory.createActiveMQConnection(ActiveMQConnectionFactory.java:304)
	at org.apache.activemq.ActiveMQConnectionFactory.createConnection(ActiveMQConnectionFactory.java:244)
	at org.ballerinalang.net.jms.JMSUtils.createConnection(JMSUtils.java:125)
	at org.ballerinalang.net.jms.nativeimpl.endpoint.connection.CreateConnection.execute(CreateConnection.java:59)
	at org.ballerinalang.util.program.BLangFunctions.invokeNativeCallable(BLangFunctions.java:389)
	at org.ballerinalang.util.program.BLangFunctions.invokeCallable(BLangFunctions.java:260)
	at org.ballerinalang.bre.bvm.CPU.invokeVirtualFunction(CPU.java:2888)
	at org.ballerinalang.bre.bvm.CPU.tryExec(CPU.java:419)
	at org.ballerinalang.bre.bvm.CPU.exec(CPU.java:153)
	at org.ballerinalang.bre.bvm.BLangScheduler.executeNow(BLangScheduler.java:81)
	at org.ballerinalang.util.program.BLangFunctions.invokeNonNativeCallable(BLangFunctions.java:320)
	at org.ballerinalang.util.program.BLangFunctions.invokeCallable(BLangFunctions.java:267)
	at org.ballerinalang.util.program.BLangFunctions.invokeCallable(BLangFunctions.java:247)
	at org.ballerinalang.util.program.BLangFunctions.invokePackageInitFunction(BLangFunctions.java:467)
	at org.ballerinalang.util.program.BLangFunctions.invokePackageInitFunction(BLangFunctions.java:476)
	at org.ballerinalang.util.program.BLangFunctions.invokePackageInitFunctions(BLangFunctions.java:126)
	at org.ballerinalang.BLangProgramRunner.runService(BLangProgramRunner.java:53)
	at org.ballerinalang.launcher.LauncherUtils.runServices(LauncherUtils.java:145)
	at org.ballerinalang.launcher.LauncherUtils.runProgram(LauncherUtils.java:115)
	at org.ballerinalang.launcher.Main$RunCmd.execute(Main.java:256)
	at java.util.Optional.ifPresent(Optional.java:159)
	at org.ballerinalang.launcher.Main.main(Main.java:66)
Caused by: java.net.ConnectException: Connection refused (Connection refused)
	at java.net.PlainSocketImpl.socketConnect(Native Method)
	at java.net.AbstractPlainSocketImpl.doConnect(AbstractPlainSocketImpl.java:350)
	at java.net.AbstractPlainSocketImpl.connectToAddress(AbstractPlainSocketImpl.java:206)
	at java.net.AbstractPlainSocketImpl.connect(AbstractPlainSocketImpl.java:188)
	at java.net.SocksSocketImpl.connect(SocksSocketImpl.java:392)
	at java.net.Socket.connect(Socket.java:589)
	at org.apache.activemq.transport.tcp.TcpTransport.connect(TcpTransport.java:525)
	at org.apache.activemq.transport.tcp.TcpTransport.doStart(TcpTransport.java:488)
	at org.apache.activemq.util.ServiceSupport.start(ServiceSupport.java:55)
	at org.apache.activemq.transport.AbstractInactivityMonitor.start(AbstractInactivityMonitor.java:169)
	at org.apache.activemq.transport.InactivityMonitor.start(InactivityMonitor.java:52)
	at org.apache.activemq.transport.TransportFilter.start(TransportFilter.java:64)
	at org.apache.activemq.transport.WireFormatNegotiator.start(WireFormatNegotiator.java:72)
	at org.apache.activemq.transport.TransportFilter.start(TransportFilter.java:64)
	at org.apache.activemq.transport.TransportFilter.start(TransportFilter.java:64)
	at org.apache.activemq.ActiveMQConnectionFactory.createActiveMQConnection(ActiveMQConnectionFactory.java:354)
	... 22 more
 
[2018-08-04 15:43:53,619] ERROR {org.ballerinalang.launcher.Main} - error : compilation failed 
org.ballerinalang.util.exceptions.BallerinaException: error : compilation failed
	at org.ballerinalang.testerina.core.BTestRunner.lambda$compileAndBuildSuites$33(BTestRunner.java:175)
	at java.util.Spliterators$ArraySpliterator.forEachRemaining(Spliterators.java:948)
	at java.util.stream.ReferencePipeline$Head.forEach(ReferencePipeline.java:580)
	at org.ballerinalang.testerina.core.BTestRunner.compileAndBuildSuites(BTestRunner.java:155)
	at org.ballerinalang.testerina.core.BTestRunner.runTest(BTestRunner.java:97)
	at org.ballerinalang.testerina.core.BTestRunner.runTest(BTestRunner.java:82)
	at org.ballerinalang.testerina.core.BTestRunner.runTest(BTestRunner.java:71)
	at org.ballerinalang.testerina.core.TestCmd.execute(TestCmd.java:160)
	at java.util.Optional.ifPresent(Optional.java:159)
	at org.ballerinalang.launcher.Main.main(Main.java:66)
 
[2018-08-04 15:46:24,350] ERROR {org.ballerinalang.launcher.Main} - error : compilation failed 
org.ballerinalang.util.exceptions.BallerinaException: error : compilation failed
	at org.ballerinalang.testerina.core.BTestRunner.lambda$compileAndBuildSuites$33(BTestRunner.java:175)
	at java.util.Spliterators$ArraySpliterator.forEachRemaining(Spliterators.java:948)
	at java.util.stream.ReferencePipeline$Head.forEach(ReferencePipeline.java:580)
	at org.ballerinalang.testerina.core.BTestRunner.compileAndBuildSuites(BTestRunner.java:155)
	at org.ballerinalang.testerina.core.BTestRunner.runTest(BTestRunner.java:97)
	at org.ballerinalang.testerina.core.BTestRunner.runTest(BTestRunner.java:82)
	at org.ballerinalang.testerina.core.BTestRunner.runTest(BTestRunner.java:71)
	at org.ballerinalang.testerina.core.TestCmd.execute(TestCmd.java:160)
	at java.util.Optional.ifPresent(Optional.java:159)
	at org.ballerinalang.launcher.Main.main(Main.java:66)
 
[2018-08-04 15:47:14,650] ERROR {org.ballerinalang.launcher.Main} - error : compilation failed 
org.ballerinalang.util.exceptions.BallerinaException: error : compilation failed
	at org.ballerinalang.testerina.core.BTestRunner.lambda$compileAndBuildSuites$33(BTestRunner.java:175)
	at java.util.Spliterators$ArraySpliterator.forEachRemaining(Spliterators.java:948)
	at java.util.stream.ReferencePipeline$Head.forEach(ReferencePipeline.java:580)
	at org.ballerinalang.testerina.core.BTestRunner.compileAndBuildSuites(BTestRunner.java:155)
	at org.ballerinalang.testerina.core.BTestRunner.runTest(BTestRunner.java:97)
	at org.ballerinalang.testerina.core.BTestRunner.runTest(BTestRunner.java:82)
	at org.ballerinalang.testerina.core.BTestRunner.runTest(BTestRunner.java:71)
	at org.ballerinalang.testerina.core.TestCmd.execute(TestCmd.java:160)
	at java.util.Optional.ifPresent(Optional.java:159)
	at org.ballerinalang.launcher.Main.main(Main.java:66)
 
[2018-08-04 15:52:32,898] ERROR {org.ballerinalang.launcher.Main} - error : compilation failed 
org.ballerinalang.util.exceptions.BallerinaException: error : compilation failed
	at org.ballerinalang.testerina.core.BTestRunner.lambda$compileAndBuildSuites$33(BTestRunner.java:175)
	at java.util.Spliterators$ArraySpliterator.forEachRemaining(Spliterators.java:948)
	at java.util.stream.ReferencePipeline$Head.forEach(ReferencePipeline.java:580)
	at org.ballerinalang.testerina.core.BTestRunner.compileAndBuildSuites(BTestRunner.java:155)
	at org.ballerinalang.testerina.core.BTestRunner.runTest(BTestRunner.java:97)
	at org.ballerinalang.testerina.core.BTestRunner.runTest(BTestRunner.java:82)
	at org.ballerinalang.testerina.core.BTestRunner.runTest(BTestRunner.java:71)
	at org.ballerinalang.testerina.core.TestCmd.execute(TestCmd.java:160)
	at java.util.Optional.ifPresent(Optional.java:159)
	at org.ballerinalang.launcher.Main.main(Main.java:66)
 
[2018-08-04 15:55:32,125] ERROR {org.ballerinalang.launcher.Main} - error : compilation failed 
org.ballerinalang.util.exceptions.BallerinaException: error : compilation failed
	at org.ballerinalang.testerina.core.BTestRunner.lambda$compileAndBuildSuites$33(BTestRunner.java:175)
	at java.util.Spliterators$ArraySpliterator.forEachRemaining(Spliterators.java:948)
	at java.util.stream.ReferencePipeline$Head.forEach(ReferencePipeline.java:580)
	at org.ballerinalang.testerina.core.BTestRunner.compileAndBuildSuites(BTestRunner.java:155)
	at org.ballerinalang.testerina.core.BTestRunner.runTest(BTestRunner.java:97)
	at org.ballerinalang.testerina.core.BTestRunner.runTest(BTestRunner.java:82)
	at org.ballerinalang.testerina.core.BTestRunner.runTest(BTestRunner.java:71)
	at org.ballerinalang.testerina.core.TestCmd.execute(TestCmd.java:160)
	at java.util.Optional.ifPresent(Optional.java:159)
	at org.ballerinalang.launcher.Main.main(Main.java:66)
 
[2018-08-04 15:57:20,343] ERROR {org.ballerinalang.launcher.Main} - error : compilation failed 
org.ballerinalang.util.exceptions.BallerinaException: error : compilation failed
	at org.ballerinalang.testerina.core.BTestRunner.lambda$compileAndBuildSuites$33(BTestRunner.java:175)
	at java.util.Spliterators$ArraySpliterator.forEachRemaining(Spliterators.java:948)
	at java.util.stream.ReferencePipeline$Head.forEach(ReferencePipeline.java:580)
	at org.ballerinalang.testerina.core.BTestRunner.compileAndBuildSuites(BTestRunner.java:155)
	at org.ballerinalang.testerina.core.BTestRunner.runTest(BTestRunner.java:97)
	at org.ballerinalang.testerina.core.BTestRunner.runTest(BTestRunner.java:82)
	at org.ballerinalang.testerina.core.BTestRunner.runTest(BTestRunner.java:71)
	at org.ballerinalang.testerina.core.TestCmd.execute(TestCmd.java:160)
	at java.util.Optional.ifPresent(Optional.java:159)
	at org.ballerinalang.launcher.Main.main(Main.java:66)
 
[2018-08-04 15:57:37,400] ERROR {org.ballerinalang.launcher.Main} - error : compilation failed 
org.ballerinalang.util.exceptions.BallerinaException: error : compilation failed
	at org.ballerinalang.testerina.core.BTestRunner.lambda$compileAndBuildSuites$33(BTestRunner.java:175)
	at java.util.Spliterators$ArraySpliterator.forEachRemaining(Spliterators.java:948)
	at java.util.stream.ReferencePipeline$Head.forEach(ReferencePipeline.java:580)
	at org.ballerinalang.testerina.core.BTestRunner.compileAndBuildSuites(BTestRunner.java:155)
	at org.ballerinalang.testerina.core.BTestRunner.runTest(BTestRunner.java:97)
	at org.ballerinalang.testerina.core.BTestRunner.runTest(BTestRunner.java:82)
	at org.ballerinalang.testerina.core.BTestRunner.runTest(BTestRunner.java:71)
	at org.ballerinalang.testerina.core.TestCmd.execute(TestCmd.java:160)
	at java.util.Optional.ifPresent(Optional.java:159)
	at org.ballerinalang.launcher.Main.main(Main.java:66)
 
[2018-08-04 16:01:59,861] ERROR {org.ballerinalang.launcher.Main} - error : compilation failed 
org.ballerinalang.util.exceptions.BallerinaException: error : compilation failed
	at org.ballerinalang.testerina.core.BTestRunner.lambda$compileAndBuildSuites$33(BTestRunner.java:175)
	at java.util.Spliterators$ArraySpliterator.forEachRemaining(Spliterators.java:948)
	at java.util.stream.ReferencePipeline$Head.forEach(ReferencePipeline.java:580)
	at org.ballerinalang.testerina.core.BTestRunner.compileAndBuildSuites(BTestRunner.java:155)
	at org.ballerinalang.testerina.core.BTestRunner.runTest(BTestRunner.java:97)
	at org.ballerinalang.testerina.core.BTestRunner.runTest(BTestRunner.java:82)
	at org.ballerinalang.testerina.core.BTestRunner.runTest(BTestRunner.java:71)
	at org.ballerinalang.testerina.core.TestCmd.execute(TestCmd.java:160)
	at java.util.Optional.ifPresent(Optional.java:159)
	at org.ballerinalang.launcher.Main.main(Main.java:66)
 
[2018-08-04 16:02:38,252] ERROR {org.ballerinalang.launcher.Main} - error : compilation failed 
org.ballerinalang.util.exceptions.BallerinaException: error : compilation failed
	at org.ballerinalang.testerina.core.BTestRunner.lambda$compileAndBuildSuites$33(BTestRunner.java:175)
	at java.util.Spliterators$ArraySpliterator.forEachRemaining(Spliterators.java:948)
	at java.util.stream.ReferencePipeline$Head.forEach(ReferencePipeline.java:580)
	at org.ballerinalang.testerina.core.BTestRunner.compileAndBuildSuites(BTestRunner.java:155)
	at org.ballerinalang.testerina.core.BTestRunner.runTest(BTestRunner.java:97)
	at org.ballerinalang.testerina.core.BTestRunner.runTest(BTestRunner.java:82)
	at org.ballerinalang.testerina.core.BTestRunner.runTest(BTestRunner.java:71)
	at org.ballerinalang.testerina.core.TestCmd.execute(TestCmd.java:160)
	at java.util.Optional.ifPresent(Optional.java:159)
	at org.ballerinalang.launcher.Main.main(Main.java:66)
 
[2018-08-04 16:03:43,247] ERROR {org.ballerinalang.launcher.Main} - error : compilation failed 
org.ballerinalang.util.exceptions.BallerinaException: error : compilation failed
	at org.ballerinalang.testerina.core.BTestRunner.lambda$compileAndBuildSuites$33(BTestRunner.java:175)
	at java.util.Spliterators$ArraySpliterator.forEachRemaining(Spliterators.java:948)
	at java.util.stream.ReferencePipeline$Head.forEach(ReferencePipeline.java:580)
	at org.ballerinalang.testerina.core.BTestRunner.compileAndBuildSuites(BTestRunner.java:155)
	at org.ballerinalang.testerina.core.BTestRunner.runTest(BTestRunner.java:97)
	at org.ballerinalang.testerina.core.BTestRunner.runTest(BTestRunner.java:82)
	at org.ballerinalang.testerina.core.BTestRunner.runTest(BTestRunner.java:71)
	at org.ballerinalang.testerina.core.TestCmd.execute(TestCmd.java:160)
	at java.util.Optional.ifPresent(Optional.java:159)
	at org.ballerinalang.launcher.Main.main(Main.java:66)
 
[2018-08-04 16:05:07,851] ERROR {org.ballerinalang.net.http.HttpConnectorPortBindingListener} - Error in http endpoint 
java.net.BindException: Address already in use
	at sun.nio.ch.Net.bind0(Native Method)
	at sun.nio.ch.Net.bind(Net.java:433)
	at sun.nio.ch.Net.bind(Net.java:425)
	at sun.nio.ch.ServerSocketChannelImpl.bind(ServerSocketChannelImpl.java:223)
	at io.netty.channel.socket.nio.NioServerSocketChannel.doBind(NioServerSocketChannel.java:128)
	at io.netty.channel.AbstractChannel$AbstractUnsafe.bind(AbstractChannel.java:558)
	at io.netty.channel.DefaultChannelPipeline$HeadContext.bind(DefaultChannelPipeline.java:1283)
	at io.netty.channel.AbstractChannelHandlerContext.invokeBind(AbstractChannelHandlerContext.java:501)
	at io.netty.channel.AbstractChannelHandlerContext.bind(AbstractChannelHandlerContext.java:486)
	at io.netty.channel.DefaultChannelPipeline.bind(DefaultChannelPipeline.java:989)
	at io.netty.channel.AbstractChannel.bind(AbstractChannel.java:254)
	at io.netty.bootstrap.AbstractBootstrap$2.run(AbstractBootstrap.java:364)
	at io.netty.util.concurrent.AbstractEventExecutor.safeExecute(AbstractEventExecutor.java:163)
	at io.netty.util.concurrent.SingleThreadEventExecutor.runAllTasks(SingleThreadEventExecutor.java:404)
	at io.netty.channel.nio.NioEventLoop.run(NioEventLoop.java:463)
	at io.netty.util.concurrent.SingleThreadEventExecutor$5.run(SingleThreadEventExecutor.java:886)
	at io.netty.util.concurrent.FastThreadLocalRunnable.run(FastThreadLocalRunnable.java:30)
	at java.lang.Thread.run(Thread.java:748)
 
[2018-08-04 16:06:41,691] ERROR {org.ballerinalang.launcher.Main} - error : compilation failed 
org.ballerinalang.util.exceptions.BallerinaException: error : compilation failed
	at org.ballerinalang.testerina.core.BTestRunner.lambda$compileAndBuildSuites$33(BTestRunner.java:175)
	at java.util.Spliterators$ArraySpliterator.forEachRemaining(Spliterators.java:948)
	at java.util.stream.ReferencePipeline$Head.forEach(ReferencePipeline.java:580)
	at org.ballerinalang.testerina.core.BTestRunner.compileAndBuildSuites(BTestRunner.java:155)
	at org.ballerinalang.testerina.core.BTestRunner.runTest(BTestRunner.java:97)
	at org.ballerinalang.testerina.core.BTestRunner.runTest(BTestRunner.java:82)
	at org.ballerinalang.testerina.core.BTestRunner.runTest(BTestRunner.java:71)
	at org.ballerinalang.testerina.core.TestCmd.execute(TestCmd.java:160)
	at java.util.Optional.ifPresent(Optional.java:159)
	at org.ballerinalang.launcher.Main.main(Main.java:66)
 
[2018-08-04 16:07:08,014] ERROR {org.ballerinalang.net.http.HttpConnectorPortBindingListener} - Error in http endpoint 
java.net.BindException: Address already in use
	at sun.nio.ch.Net.bind0(Native Method)
	at sun.nio.ch.Net.bind(Net.java:433)
	at sun.nio.ch.Net.bind(Net.java:425)
	at sun.nio.ch.ServerSocketChannelImpl.bind(ServerSocketChannelImpl.java:223)
	at io.netty.channel.socket.nio.NioServerSocketChannel.doBind(NioServerSocketChannel.java:128)
	at io.netty.channel.AbstractChannel$AbstractUnsafe.bind(AbstractChannel.java:558)
	at io.netty.channel.DefaultChannelPipeline$HeadContext.bind(DefaultChannelPipeline.java:1283)
	at io.netty.channel.AbstractChannelHandlerContext.invokeBind(AbstractChannelHandlerContext.java:501)
	at io.netty.channel.AbstractChannelHandlerContext.bind(AbstractChannelHandlerContext.java:486)
	at io.netty.channel.DefaultChannelPipeline.bind(DefaultChannelPipeline.java:989)
	at io.netty.channel.AbstractChannel.bind(AbstractChannel.java:254)
	at io.netty.bootstrap.AbstractBootstrap$2.run(AbstractBootstrap.java:364)
	at io.netty.util.concurrent.AbstractEventExecutor.safeExecute(AbstractEventExecutor.java:163)
	at io.netty.util.concurrent.SingleThreadEventExecutor.runAllTasks(SingleThreadEventExecutor.java:404)
	at io.netty.channel.nio.NioEventLoop.run(NioEventLoop.java:463)
	at io.netty.util.concurrent.SingleThreadEventExecutor$5.run(SingleThreadEventExecutor.java:886)
	at io.netty.util.concurrent.FastThreadLocalRunnable.run(FastThreadLocalRunnable.java:30)
	at java.lang.Thread.run(Thread.java:748)
 
[2018-08-04 16:09:31,294] ERROR {org.ballerinalang.net.http.HttpConnectorPortBindingListener} - Error in http endpoint 
java.net.BindException: Address already in use
	at sun.nio.ch.Net.bind0(Native Method)
	at sun.nio.ch.Net.bind(Net.java:433)
	at sun.nio.ch.Net.bind(Net.java:425)
	at sun.nio.ch.ServerSocketChannelImpl.bind(ServerSocketChannelImpl.java:223)
	at io.netty.channel.socket.nio.NioServerSocketChannel.doBind(NioServerSocketChannel.java:128)
	at io.netty.channel.AbstractChannel$AbstractUnsafe.bind(AbstractChannel.java:558)
	at io.netty.channel.DefaultChannelPipeline$HeadContext.bind(DefaultChannelPipeline.java:1283)
	at io.netty.channel.AbstractChannelHandlerContext.invokeBind(AbstractChannelHandlerContext.java:501)
	at io.netty.channel.AbstractChannelHandlerContext.bind(AbstractChannelHandlerContext.java:486)
	at io.netty.channel.DefaultChannelPipeline.bind(DefaultChannelPipeline.java:989)
	at io.netty.channel.AbstractChannel.bind(AbstractChannel.java:254)
	at io.netty.bootstrap.AbstractBootstrap$2.run(AbstractBootstrap.java:364)
	at io.netty.util.concurrent.AbstractEventExecutor.safeExecute(AbstractEventExecutor.java:163)
	at io.netty.util.concurrent.SingleThreadEventExecutor.runAllTasks(SingleThreadEventExecutor.java:404)
	at io.netty.channel.nio.NioEventLoop.run(NioEventLoop.java:463)
	at io.netty.util.concurrent.SingleThreadEventExecutor$5.run(SingleThreadEventExecutor.java:886)
	at io.netty.util.concurrent.FastThreadLocalRunnable.run(FastThreadLocalRunnable.java:30)
	at java.lang.Thread.run(Thread.java:748)
 
[2018-08-04 16:09:31,383] ERROR {org.ballerinalang.net.jms.utils.BallerinaAdapter} - Error registering the message listener for servicesavithri/phone_order_delivery_service:0.0.1deliverySystem 
javax.jms.IllegalStateException: The Consumer is closed
	at org.apache.activemq.ActiveMQMessageConsumer.checkClosed(ActiveMQMessageConsumer.java:879)
	at org.apache.activemq.ActiveMQMessageConsumer.setMessageListener(ActiveMQMessageConsumer.java:432)
	at org.ballerinalang.net.jms.nativeimpl.endpoint.common.MessageListenerHandler.createAndRegister(MessageListenerHandler.java:59)
	at org.ballerinalang.net.jms.nativeimpl.endpoint.queue.receiver.RegisterMessageListener.execute(RegisterMessageListener.java:50)
	at org.ballerinalang.util.program.BLangFunctions.invokeNativeCallable(BLangFunctions.java:389)
	at org.ballerinalang.util.program.BLangFunctions.invokeCallable(BLangFunctions.java:260)
	at org.ballerinalang.bre.bvm.CPU.invokeVirtualFunction(CPU.java:2888)
	at org.ballerinalang.bre.bvm.CPU.tryExec(CPU.java:419)
	at org.ballerinalang.bre.bvm.CPU.exec(CPU.java:153)
	at org.ballerinalang.bre.bvm.BLangScheduler.executeNow(BLangScheduler.java:81)
	at org.ballerinalang.util.program.BLangFunctions.invokeNonNativeCallable(BLangFunctions.java:320)
	at org.ballerinalang.util.program.BLangFunctions.invokeCallable(BLangFunctions.java:267)
	at org.ballerinalang.util.program.BLangFunctions.invokeCallable(BLangFunctions.java:247)
	at org.ballerinalang.util.program.BLangFunctions.invokeVMUtilFunction(BLangFunctions.java:480)
	at org.ballerinalang.util.program.BLangFunctions.invokeVMUtilFunction(BLangFunctions.java:489)
	at org.ballerinalang.testerina.util.Utils.startService(Utils.java:72)
	at org.ballerinalang.testerina.natives.test.StartServices.execute(StartServices.java:64)
	at org.ballerinalang.bre.bvm.BlockingNativeCallableUnit.execute(BlockingNativeCallableUnit.java:35)
	at org.ballerinalang.util.program.BLangFunctions.invokeNativeCallable(BLangFunctions.java:389)
	at org.ballerinalang.util.program.BLangFunctions.invokeCallable(BLangFunctions.java:260)
	at org.ballerinalang.bre.bvm.CPU.tryExec(CPU.java:411)
	at org.ballerinalang.bre.bvm.CPU.exec(CPU.java:153)
	at org.ballerinalang.bre.bvm.BLangScheduler.executeNow(BLangScheduler.java:81)
	at org.ballerinalang.util.program.BLangFunctions.invokeNonNativeCallable(BLangFunctions.java:320)
	at org.ballerinalang.util.program.BLangFunctions.invokeCallable(BLangFunctions.java:267)
	at org.ballerinalang.util.program.BLangFunctions.invokeCallable(BLangFunctions.java:247)
	at org.ballerinalang.util.program.BLangFunctions.invokeCallable(BLangFunctions.java:190)
	at org.ballerinalang.testerina.core.entity.TesterinaFunction.invoke(TesterinaFunction.java:101)
	at org.ballerinalang.testerina.core.entity.TesterinaFunction.invoke(TesterinaFunction.java:89)
	at org.ballerinalang.testerina.core.BTestRunner.lambda$null$38(BTestRunner.java:271)
	at java.util.ArrayList.forEach(ArrayList.java:1257)
	at org.ballerinalang.testerina.core.BTestRunner.lambda$execute$40(BTestRunner.java:248)
	at java.lang.Iterable.forEach(Iterable.java:75)
	at org.ballerinalang.testerina.core.BTestRunner.execute(BTestRunner.java:218)
	at org.ballerinalang.testerina.core.BTestRunner.runTest(BTestRunner.java:99)
	at org.ballerinalang.testerina.core.BTestRunner.runTest(BTestRunner.java:82)
	at org.ballerinalang.testerina.core.BTestRunner.runTest(BTestRunner.java:71)
	at org.ballerinalang.testerina.core.TestCmd.execute(TestCmd.java:160)
	at java.util.Optional.ifPresent(Optional.java:159)
	at org.ballerinalang.launcher.Main.main(Main.java:66)
 
[2018-08-04 16:10:36,318] ERROR {org.ballerinalang.net.http.HttpConnectorPortBindingListener} - Error in http endpoint 
java.net.BindException: Address already in use
	at sun.nio.ch.Net.bind0(Native Method)
	at sun.nio.ch.Net.bind(Net.java:433)
	at sun.nio.ch.Net.bind(Net.java:425)
	at sun.nio.ch.ServerSocketChannelImpl.bind(ServerSocketChannelImpl.java:223)
	at io.netty.channel.socket.nio.NioServerSocketChannel.doBind(NioServerSocketChannel.java:128)
	at io.netty.channel.AbstractChannel$AbstractUnsafe.bind(AbstractChannel.java:558)
	at io.netty.channel.DefaultChannelPipeline$HeadContext.bind(DefaultChannelPipeline.java:1283)
	at io.netty.channel.AbstractChannelHandlerContext.invokeBind(AbstractChannelHandlerContext.java:501)
	at io.netty.channel.AbstractChannelHandlerContext.bind(AbstractChannelHandlerContext.java:486)
	at io.netty.channel.DefaultChannelPipeline.bind(DefaultChannelPipeline.java:989)
	at io.netty.channel.AbstractChannel.bind(AbstractChannel.java:254)
	at io.netty.bootstrap.AbstractBootstrap$2.run(AbstractBootstrap.java:364)
	at io.netty.util.concurrent.AbstractEventExecutor.safeExecute(AbstractEventExecutor.java:163)
	at io.netty.util.concurrent.SingleThreadEventExecutor.runAllTasks(SingleThreadEventExecutor.java:404)
	at io.netty.channel.nio.NioEventLoop.run(NioEventLoop.java:463)
	at io.netty.util.concurrent.SingleThreadEventExecutor$5.run(SingleThreadEventExecutor.java:886)
	at io.netty.util.concurrent.FastThreadLocalRunnable.run(FastThreadLocalRunnable.java:30)
	at java.lang.Thread.run(Thread.java:748)
 
[2018-08-04 16:11:31,794] ERROR {org.ballerinalang.net.http.HttpConnectorPortBindingListener} - Error in http endpoint 
java.net.BindException: Address already in use
	at sun.nio.ch.Net.bind0(Native Method)
	at sun.nio.ch.Net.bind(Net.java:433)
	at sun.nio.ch.Net.bind(Net.java:425)
	at sun.nio.ch.ServerSocketChannelImpl.bind(ServerSocketChannelImpl.java:223)
	at io.netty.channel.socket.nio.NioServerSocketChannel.doBind(NioServerSocketChannel.java:128)
	at io.netty.channel.AbstractChannel$AbstractUnsafe.bind(AbstractChannel.java:558)
	at io.netty.channel.DefaultChannelPipeline$HeadContext.bind(DefaultChannelPipeline.java:1283)
	at io.netty.channel.AbstractChannelHandlerContext.invokeBind(AbstractChannelHandlerContext.java:501)
	at io.netty.channel.AbstractChannelHandlerContext.bind(AbstractChannelHandlerContext.java:486)
	at io.netty.channel.DefaultChannelPipeline.bind(DefaultChannelPipeline.java:989)
	at io.netty.channel.AbstractChannel.bind(AbstractChannel.java:254)
	at io.netty.bootstrap.AbstractBootstrap$2.run(AbstractBootstrap.java:364)
	at io.netty.util.concurrent.AbstractEventExecutor.safeExecute(AbstractEventExecutor.java:163)
	at io.netty.util.concurrent.SingleThreadEventExecutor.runAllTasks(SingleThreadEventExecutor.java:404)
	at io.netty.channel.nio.NioEventLoop.run(NioEventLoop.java:463)
	at io.netty.util.concurrent.SingleThreadEventExecutor$5.run(SingleThreadEventExecutor.java:886)
	at io.netty.util.concurrent.FastThreadLocalRunnable.run(FastThreadLocalRunnable.java:30)
	at java.lang.Thread.run(Thread.java:748)
 
[2018-08-04 16:12:21,003] ERROR {org.ballerinalang.net.http.HttpConnectorPortBindingListener} - Error in http endpoint 
java.net.BindException: Address already in use
	at sun.nio.ch.Net.bind0(Native Method)
	at sun.nio.ch.Net.bind(Net.java:433)
	at sun.nio.ch.Net.bind(Net.java:425)
	at sun.nio.ch.ServerSocketChannelImpl.bind(ServerSocketChannelImpl.java:223)
	at io.netty.channel.socket.nio.NioServerSocketChannel.doBind(NioServerSocketChannel.java:128)
	at io.netty.channel.AbstractChannel$AbstractUnsafe.bind(AbstractChannel.java:558)
	at io.netty.channel.DefaultChannelPipeline$HeadContext.bind(DefaultChannelPipeline.java:1283)
	at io.netty.channel.AbstractChannelHandlerContext.invokeBind(AbstractChannelHandlerContext.java:501)
	at io.netty.channel.AbstractChannelHandlerContext.bind(AbstractChannelHandlerContext.java:486)
	at io.netty.channel.DefaultChannelPipeline.bind(DefaultChannelPipeline.java:989)
	at io.netty.channel.AbstractChannel.bind(AbstractChannel.java:254)
	at io.netty.bootstrap.AbstractBootstrap$2.run(AbstractBootstrap.java:364)
	at io.netty.util.concurrent.AbstractEventExecutor.safeExecute(AbstractEventExecutor.java:163)
	at io.netty.util.concurrent.SingleThreadEventExecutor.runAllTasks(SingleThreadEventExecutor.java:404)
	at io.netty.channel.nio.NioEventLoop.run(NioEventLoop.java:463)
	at io.netty.util.concurrent.SingleThreadEventExecutor$5.run(SingleThreadEventExecutor.java:886)
	at io.netty.util.concurrent.FastThreadLocalRunnable.run(FastThreadLocalRunnable.java:30)
	at java.lang.Thread.run(Thread.java:748)
 
[2018-08-04 16:14:11,962] ERROR {org.ballerinalang.launcher.Main} - error : compilation failed 
org.ballerinalang.util.exceptions.BallerinaException: error : compilation failed
	at org.ballerinalang.testerina.core.BTestRunner.lambda$compileAndBuildSuites$33(BTestRunner.java:175)
	at java.util.Spliterators$ArraySpliterator.forEachRemaining(Spliterators.java:948)
	at java.util.stream.ReferencePipeline$Head.forEach(ReferencePipeline.java:580)
	at org.ballerinalang.testerina.core.BTestRunner.compileAndBuildSuites(BTestRunner.java:155)
	at org.ballerinalang.testerina.core.BTestRunner.runTest(BTestRunner.java:97)
	at org.ballerinalang.testerina.core.BTestRunner.runTest(BTestRunner.java:82)
	at org.ballerinalang.testerina.core.BTestRunner.runTest(BTestRunner.java:71)
	at org.ballerinalang.testerina.core.TestCmd.execute(TestCmd.java:160)
	at java.util.Optional.ifPresent(Optional.java:159)
	at org.ballerinalang.launcher.Main.main(Main.java:66)
 
[2018-08-04 16:14:37,400] ERROR {org.ballerinalang.launcher.Main} - error : compilation failed 
org.ballerinalang.util.exceptions.BallerinaException: error : compilation failed
	at org.ballerinalang.testerina.core.BTestRunner.lambda$compileAndBuildSuites$33(BTestRunner.java:175)
	at java.util.Spliterators$ArraySpliterator.forEachRemaining(Spliterators.java:948)
	at java.util.stream.ReferencePipeline$Head.forEach(ReferencePipeline.java:580)
	at org.ballerinalang.testerina.core.BTestRunner.compileAndBuildSuites(BTestRunner.java:155)
	at org.ballerinalang.testerina.core.BTestRunner.runTest(BTestRunner.java:97)
	at org.ballerinalang.testerina.core.BTestRunner.runTest(BTestRunner.java:82)
	at org.ballerinalang.testerina.core.BTestRunner.runTest(BTestRunner.java:71)
	at org.ballerinalang.testerina.core.TestCmd.execute(TestCmd.java:160)
	at java.util.Optional.ifPresent(Optional.java:159)
	at org.ballerinalang.launcher.Main.main(Main.java:66)
 
[2018-08-04 16:15:02,624] ERROR {org.ballerinalang.net.http.HttpConnectorPortBindingListener} - Error in http endpoint 
java.net.BindException: Address already in use
	at sun.nio.ch.Net.bind0(Native Method)
	at sun.nio.ch.Net.bind(Net.java:433)
	at sun.nio.ch.Net.bind(Net.java:425)
	at sun.nio.ch.ServerSocketChannelImpl.bind(ServerSocketChannelImpl.java:223)
	at io.netty.channel.socket.nio.NioServerSocketChannel.doBind(NioServerSocketChannel.java:128)
	at io.netty.channel.AbstractChannel$AbstractUnsafe.bind(AbstractChannel.java:558)
	at io.netty.channel.DefaultChannelPipeline$HeadContext.bind(DefaultChannelPipeline.java:1283)
	at io.netty.channel.AbstractChannelHandlerContext.invokeBind(AbstractChannelHandlerContext.java:501)
	at io.netty.channel.AbstractChannelHandlerContext.bind(AbstractChannelHandlerContext.java:486)
	at io.netty.channel.DefaultChannelPipeline.bind(DefaultChannelPipeline.java:989)
	at io.netty.channel.AbstractChannel.bind(AbstractChannel.java:254)
	at io.netty.bootstrap.AbstractBootstrap$2.run(AbstractBootstrap.java:364)
	at io.netty.util.concurrent.AbstractEventExecutor.safeExecute(AbstractEventExecutor.java:163)
	at io.netty.util.concurrent.SingleThreadEventExecutor.runAllTasks(SingleThreadEventExecutor.java:404)
	at io.netty.channel.nio.NioEventLoop.run(NioEventLoop.java:463)
	at io.netty.util.concurrent.SingleThreadEventExecutor$5.run(SingleThreadEventExecutor.java:886)
	at io.netty.util.concurrent.FastThreadLocalRunnable.run(FastThreadLocalRunnable.java:30)
	at java.lang.Thread.run(Thread.java:748)
 
[2018-08-04 16:16:02,741] ERROR {org.ballerinalang.net.http.BallerinaHTTPConnectorListener} - Error in HTTP server connector: Remote client closed the connection before initiating inbound request  
[2018-08-04 16:21:26,136] ERROR {org.ballerinalang.net.http.HttpConnectorPortBindingListener} - Error in http endpoint 
java.net.BindException: Address already in use
	at sun.nio.ch.Net.bind0(Native Method)
	at sun.nio.ch.Net.bind(Net.java:433)
	at sun.nio.ch.Net.bind(Net.java:425)
	at sun.nio.ch.ServerSocketChannelImpl.bind(ServerSocketChannelImpl.java:223)
	at io.netty.channel.socket.nio.NioServerSocketChannel.doBind(NioServerSocketChannel.java:128)
	at io.netty.channel.AbstractChannel$AbstractUnsafe.bind(AbstractChannel.java:558)
	at io.netty.channel.DefaultChannelPipeline$HeadContext.bind(DefaultChannelPipeline.java:1283)
	at io.netty.channel.AbstractChannelHandlerContext.invokeBind(AbstractChannelHandlerContext.java:501)
	at io.netty.channel.AbstractChannelHandlerContext.bind(AbstractChannelHandlerContext.java:486)
	at io.netty.channel.DefaultChannelPipeline.bind(DefaultChannelPipeline.java:989)
	at io.netty.channel.AbstractChannel.bind(AbstractChannel.java:254)
	at io.netty.bootstrap.AbstractBootstrap$2.run(AbstractBootstrap.java:364)
	at io.netty.util.concurrent.AbstractEventExecutor.safeExecute(AbstractEventExecutor.java:163)
	at io.netty.util.concurrent.SingleThreadEventExecutor.runAllTasks(SingleThreadEventExecutor.java:404)
	at io.netty.channel.nio.NioEventLoop.run(NioEventLoop.java:463)
	at io.netty.util.concurrent.SingleThreadEventExecutor$5.run(SingleThreadEventExecutor.java:886)
	at io.netty.util.concurrent.FastThreadLocalRunnable.run(FastThreadLocalRunnable.java:30)
	at java.lang.Thread.run(Thread.java:748)
 
[2018-08-04 16:21:39,643] ERROR {org.ballerinalang.net.http.BallerinaHTTPConnectorListener} - Error in HTTP server connector: Remote client closed the connection before initiating inbound request  
[2018-08-04 16:25:36,803] ERROR {org.ballerinalang.net.http.HttpConnectorPortBindingListener} - Error in http endpoint 
java.net.BindException: Address already in use
	at sun.nio.ch.Net.bind0(Native Method)
	at sun.nio.ch.Net.bind(Net.java:433)
	at sun.nio.ch.Net.bind(Net.java:425)
	at sun.nio.ch.ServerSocketChannelImpl.bind(ServerSocketChannelImpl.java:223)
	at io.netty.channel.socket.nio.NioServerSocketChannel.doBind(NioServerSocketChannel.java:128)
	at io.netty.channel.AbstractChannel$AbstractUnsafe.bind(AbstractChannel.java:558)
	at io.netty.channel.DefaultChannelPipeline$HeadContext.bind(DefaultChannelPipeline.java:1283)
	at io.netty.channel.AbstractChannelHandlerContext.invokeBind(AbstractChannelHandlerContext.java:501)
	at io.netty.channel.AbstractChannelHandlerContext.bind(AbstractChannelHandlerContext.java:486)
	at io.netty.channel.DefaultChannelPipeline.bind(DefaultChannelPipeline.java:989)
	at io.netty.channel.AbstractChannel.bind(AbstractChannel.java:254)
	at io.netty.bootstrap.AbstractBootstrap$2.run(AbstractBootstrap.java:364)
	at io.netty.util.concurrent.AbstractEventExecutor.safeExecute(AbstractEventExecutor.java:163)
	at io.netty.util.concurrent.SingleThreadEventExecutor.runAllTasks(SingleThreadEventExecutor.java:404)
	at io.netty.channel.nio.NioEventLoop.run(NioEventLoop.java:463)
	at io.netty.util.concurrent.SingleThreadEventExecutor$5.run(SingleThreadEventExecutor.java:886)
	at io.netty.util.concurrent.FastThreadLocalRunnable.run(FastThreadLocalRunnable.java:30)
	at java.lang.Thread.run(Thread.java:748)
 
[2018-08-04 16:27:14,160] ERROR {org.ballerinalang.net.http.HttpConnectorPortBindingListener} - Error in http endpoint 
java.net.BindException: Address already in use
	at sun.nio.ch.Net.bind0(Native Method)
	at sun.nio.ch.Net.bind(Net.java:433)
	at sun.nio.ch.Net.bind(Net.java:425)
	at sun.nio.ch.ServerSocketChannelImpl.bind(ServerSocketChannelImpl.java:223)
	at io.netty.channel.socket.nio.NioServerSocketChannel.doBind(NioServerSocketChannel.java:128)
	at io.netty.channel.AbstractChannel$AbstractUnsafe.bind(AbstractChannel.java:558)
	at io.netty.channel.DefaultChannelPipeline$HeadContext.bind(DefaultChannelPipeline.java:1283)
	at io.netty.channel.AbstractChannelHandlerContext.invokeBind(AbstractChannelHandlerContext.java:501)
	at io.netty.channel.AbstractChannelHandlerContext.bind(AbstractChannelHandlerContext.java:486)
	at io.netty.channel.DefaultChannelPipeline.bind(DefaultChannelPipeline.java:989)
	at io.netty.channel.AbstractChannel.bind(AbstractChannel.java:254)
	at io.netty.bootstrap.AbstractBootstrap$2.run(AbstractBootstrap.java:364)
	at io.netty.util.concurrent.AbstractEventExecutor.safeExecute(AbstractEventExecutor.java:163)
	at io.netty.util.concurrent.SingleThreadEventExecutor.runAllTasks(SingleThreadEventExecutor.java:404)
	at io.netty.channel.nio.NioEventLoop.run(NioEventLoop.java:463)
	at io.netty.util.concurrent.SingleThreadEventExecutor$5.run(SingleThreadEventExecutor.java:886)
	at io.netty.util.concurrent.FastThreadLocalRunnable.run(FastThreadLocalRunnable.java:30)
	at java.lang.Thread.run(Thread.java:748)
 
[2018-08-04 16:31:14,697] ERROR {org.ballerinalang.net.http.HttpConnectorPortBindingListener} - Error in http endpoint 
java.net.BindException: Address already in use
	at sun.nio.ch.Net.bind0(Native Method)
	at sun.nio.ch.Net.bind(Net.java:433)
	at sun.nio.ch.Net.bind(Net.java:425)
	at sun.nio.ch.ServerSocketChannelImpl.bind(ServerSocketChannelImpl.java:223)
	at io.netty.channel.socket.nio.NioServerSocketChannel.doBind(NioServerSocketChannel.java:128)
	at io.netty.channel.AbstractChannel$AbstractUnsafe.bind(AbstractChannel.java:558)
	at io.netty.channel.DefaultChannelPipeline$HeadContext.bind(DefaultChannelPipeline.java:1283)
	at io.netty.channel.AbstractChannelHandlerContext.invokeBind(AbstractChannelHandlerContext.java:501)
	at io.netty.channel.AbstractChannelHandlerContext.bind(AbstractChannelHandlerContext.java:486)
	at io.netty.channel.DefaultChannelPipeline.bind(DefaultChannelPipeline.java:989)
	at io.netty.channel.AbstractChannel.bind(AbstractChannel.java:254)
	at io.netty.bootstrap.AbstractBootstrap$2.run(AbstractBootstrap.java:364)
	at io.netty.util.concurrent.AbstractEventExecutor.safeExecute(AbstractEventExecutor.java:163)
	at io.netty.util.concurrent.SingleThreadEventExecutor.runAllTasks(SingleThreadEventExecutor.java:404)
	at io.netty.channel.nio.NioEventLoop.run(NioEventLoop.java:463)
	at io.netty.util.concurrent.SingleThreadEventExecutor$5.run(SingleThreadEventExecutor.java:886)
	at io.netty.util.concurrent.FastThreadLocalRunnable.run(FastThreadLocalRunnable.java:30)
	at java.lang.Thread.run(Thread.java:748)
 
[2018-08-04 16:31:40,993] ERROR {org.ballerinalang.net.http.HttpConnectorPortBindingListener} - Error in http endpoint 
java.net.BindException: Address already in use
	at sun.nio.ch.Net.bind0(Native Method)
	at sun.nio.ch.Net.bind(Net.java:433)
	at sun.nio.ch.Net.bind(Net.java:425)
	at sun.nio.ch.ServerSocketChannelImpl.bind(ServerSocketChannelImpl.java:223)
	at io.netty.channel.socket.nio.NioServerSocketChannel.doBind(NioServerSocketChannel.java:128)
	at io.netty.channel.AbstractChannel$AbstractUnsafe.bind(AbstractChannel.java:558)
	at io.netty.channel.DefaultChannelPipeline$HeadContext.bind(DefaultChannelPipeline.java:1283)
	at io.netty.channel.AbstractChannelHandlerContext.invokeBind(AbstractChannelHandlerContext.java:501)
	at io.netty.channel.AbstractChannelHandlerContext.bind(AbstractChannelHandlerContext.java:486)
	at io.netty.channel.DefaultChannelPipeline.bind(DefaultChannelPipeline.java:989)
	at io.netty.channel.AbstractChannel.bind(AbstractChannel.java:254)
	at io.netty.bootstrap.AbstractBootstrap$2.run(AbstractBootstrap.java:364)
	at io.netty.util.concurrent.AbstractEventExecutor.safeExecute(AbstractEventExecutor.java:163)
	at io.netty.util.concurrent.SingleThreadEventExecutor.runAllTasks(SingleThreadEventExecutor.java:404)
	at io.netty.channel.nio.NioEventLoop.run(NioEventLoop.java:463)
	at io.netty.util.concurrent.SingleThreadEventExecutor$5.run(SingleThreadEventExecutor.java:886)
	at io.netty.util.concurrent.FastThreadLocalRunnable.run(FastThreadLocalRunnable.java:30)
	at java.lang.Thread.run(Thread.java:748)
 
[2018-08-04 16:35:42,581] ERROR {org.ballerinalang.net.http.HttpConnectorPortBindingListener} - Error in http endpoint 
java.net.BindException: Address already in use
	at sun.nio.ch.Net.bind0(Native Method)
	at sun.nio.ch.Net.bind(Net.java:433)
	at sun.nio.ch.Net.bind(Net.java:425)
	at sun.nio.ch.ServerSocketChannelImpl.bind(ServerSocketChannelImpl.java:223)
	at io.netty.channel.socket.nio.NioServerSocketChannel.doBind(NioServerSocketChannel.java:128)
	at io.netty.channel.AbstractChannel$AbstractUnsafe.bind(AbstractChannel.java:558)
	at io.netty.channel.DefaultChannelPipeline$HeadContext.bind(DefaultChannelPipeline.java:1283)
	at io.netty.channel.AbstractChannelHandlerContext.invokeBind(AbstractChannelHandlerContext.java:501)
	at io.netty.channel.AbstractChannelHandlerContext.bind(AbstractChannelHandlerContext.java:486)
	at io.netty.channel.DefaultChannelPipeline.bind(DefaultChannelPipeline.java:989)
	at io.netty.channel.AbstractChannel.bind(AbstractChannel.java:254)
	at io.netty.bootstrap.AbstractBootstrap$2.run(AbstractBootstrap.java:364)
	at io.netty.util.concurrent.AbstractEventExecutor.safeExecute(AbstractEventExecutor.java:163)
	at io.netty.util.concurrent.SingleThreadEventExecutor.runAllTasks(SingleThreadEventExecutor.java:404)
	at io.netty.channel.nio.NioEventLoop.run(NioEventLoop.java:463)
	at io.netty.util.concurrent.SingleThreadEventExecutor$5.run(SingleThreadEventExecutor.java:886)
	at io.netty.util.concurrent.FastThreadLocalRunnable.run(FastThreadLocalRunnable.java:30)
	at java.lang.Thread.run(Thread.java:748)
 
[2018-08-04 16:50:08,736] ERROR {org.ballerinalang.launcher.Main} - error : compilation failed 
org.ballerinalang.util.exceptions.BallerinaException: error : compilation failed
	at org.ballerinalang.testerina.core.BTestRunner.lambda$compileAndBuildSuites$33(BTestRunner.java:175)
	at java.util.Spliterators$ArraySpliterator.forEachRemaining(Spliterators.java:948)
	at java.util.stream.ReferencePipeline$Head.forEach(ReferencePipeline.java:580)
	at org.ballerinalang.testerina.core.BTestRunner.compileAndBuildSuites(BTestRunner.java:155)
	at org.ballerinalang.testerina.core.BTestRunner.runTest(BTestRunner.java:97)
	at org.ballerinalang.testerina.core.BTestRunner.runTest(BTestRunner.java:82)
	at org.ballerinalang.testerina.core.BTestRunner.runTest(BTestRunner.java:71)
	at org.ballerinalang.testerina.core.TestCmd.execute(TestCmd.java:160)
	at java.util.Optional.ifPresent(Optional.java:159)
	at org.ballerinalang.launcher.Main.main(Main.java:66)
 
[2018-08-04 16:51:10,852] ERROR {org.ballerinalang.launcher.Main} - error : compilation failed 
org.ballerinalang.util.exceptions.BallerinaException: error : compilation failed
	at org.ballerinalang.testerina.core.BTestRunner.lambda$compileAndBuildSuites$33(BTestRunner.java:175)
	at java.util.Spliterators$ArraySpliterator.forEachRemaining(Spliterators.java:948)
	at java.util.stream.ReferencePipeline$Head.forEach(ReferencePipeline.java:580)
	at org.ballerinalang.testerina.core.BTestRunner.compileAndBuildSuites(BTestRunner.java:155)
	at org.ballerinalang.testerina.core.BTestRunner.runTest(BTestRunner.java:97)
	at org.ballerinalang.testerina.core.BTestRunner.runTest(BTestRunner.java:82)
	at org.ballerinalang.testerina.core.BTestRunner.runTest(BTestRunner.java:71)
	at org.ballerinalang.testerina.core.TestCmd.execute(TestCmd.java:160)
	at java.util.Optional.ifPresent(Optional.java:159)
	at org.ballerinalang.launcher.Main.main(Main.java:66)
 
[2018-08-04 16:51:53,799] ERROR {org.ballerinalang.net.http.HttpConnectorPortBindingListener} - Error in http endpoint 
java.net.BindException: Address already in use
	at sun.nio.ch.Net.bind0(Native Method)
	at sun.nio.ch.Net.bind(Net.java:433)
	at sun.nio.ch.Net.bind(Net.java:425)
	at sun.nio.ch.ServerSocketChannelImpl.bind(ServerSocketChannelImpl.java:223)
	at io.netty.channel.socket.nio.NioServerSocketChannel.doBind(NioServerSocketChannel.java:128)
	at io.netty.channel.AbstractChannel$AbstractUnsafe.bind(AbstractChannel.java:558)
	at io.netty.channel.DefaultChannelPipeline$HeadContext.bind(DefaultChannelPipeline.java:1283)
	at io.netty.channel.AbstractChannelHandlerContext.invokeBind(AbstractChannelHandlerContext.java:501)
	at io.netty.channel.AbstractChannelHandlerContext.bind(AbstractChannelHandlerContext.java:486)
	at io.netty.channel.DefaultChannelPipeline.bind(DefaultChannelPipeline.java:989)
	at io.netty.channel.AbstractChannel.bind(AbstractChannel.java:254)
	at io.netty.bootstrap.AbstractBootstrap$2.run(AbstractBootstrap.java:364)
	at io.netty.util.concurrent.AbstractEventExecutor.safeExecute(AbstractEventExecutor.java:163)
	at io.netty.util.concurrent.SingleThreadEventExecutor.runAllTasks(SingleThreadEventExecutor.java:404)
	at io.netty.channel.nio.NioEventLoop.run(NioEventLoop.java:463)
	at io.netty.util.concurrent.SingleThreadEventExecutor$5.run(SingleThreadEventExecutor.java:886)
	at io.netty.util.concurrent.FastThreadLocalRunnable.run(FastThreadLocalRunnable.java:30)
	at java.lang.Thread.run(Thread.java:748)
 
[2018-08-04 16:53:49,578] ERROR {org.ballerinalang.net.http.HttpConnectorPortBindingListener} - Error in http endpoint 
java.net.BindException: Address already in use
	at sun.nio.ch.Net.bind0(Native Method)
	at sun.nio.ch.Net.bind(Net.java:433)
	at sun.nio.ch.Net.bind(Net.java:425)
	at sun.nio.ch.ServerSocketChannelImpl.bind(ServerSocketChannelImpl.java:223)
	at io.netty.channel.socket.nio.NioServerSocketChannel.doBind(NioServerSocketChannel.java:128)
	at io.netty.channel.AbstractChannel$AbstractUnsafe.bind(AbstractChannel.java:558)
	at io.netty.channel.DefaultChannelPipeline$HeadContext.bind(DefaultChannelPipeline.java:1283)
	at io.netty.channel.AbstractChannelHandlerContext.invokeBind(AbstractChannelHandlerContext.java:501)
	at io.netty.channel.AbstractChannelHandlerContext.bind(AbstractChannelHandlerContext.java:486)
	at io.netty.channel.DefaultChannelPipeline.bind(DefaultChannelPipeline.java:989)
	at io.netty.channel.AbstractChannel.bind(AbstractChannel.java:254)
	at io.netty.bootstrap.AbstractBootstrap$2.run(AbstractBootstrap.java:364)
	at io.netty.util.concurrent.AbstractEventExecutor.safeExecute(AbstractEventExecutor.java:163)
	at io.netty.util.concurrent.SingleThreadEventExecutor.runAllTasks(SingleThreadEventExecutor.java:404)
	at io.netty.channel.nio.NioEventLoop.run(NioEventLoop.java:463)
	at io.netty.util.concurrent.SingleThreadEventExecutor$5.run(SingleThreadEventExecutor.java:886)
	at io.netty.util.concurrent.FastThreadLocalRunnable.run(FastThreadLocalRunnable.java:30)
	at java.lang.Thread.run(Thread.java:748)
 
[2018-08-04 16:53:49,639] ERROR {org.ballerinalang.net.jms.utils.BallerinaAdapter} - Error registering the message listener for servicesavithri/phone_order_delivery_service:0.0.1deliverySystem 
javax.jms.IllegalStateException: The Consumer is closed
	at org.apache.activemq.ActiveMQMessageConsumer.checkClosed(ActiveMQMessageConsumer.java:879)
	at org.apache.activemq.ActiveMQMessageConsumer.setMessageListener(ActiveMQMessageConsumer.java:432)
	at org.ballerinalang.net.jms.nativeimpl.endpoint.common.MessageListenerHandler.createAndRegister(MessageListenerHandler.java:59)
	at org.ballerinalang.net.jms.nativeimpl.endpoint.queue.receiver.RegisterMessageListener.execute(RegisterMessageListener.java:50)
	at org.ballerinalang.util.program.BLangFunctions.invokeNativeCallable(BLangFunctions.java:389)
	at org.ballerinalang.util.program.BLangFunctions.invokeCallable(BLangFunctions.java:260)
	at org.ballerinalang.bre.bvm.CPU.invokeVirtualFunction(CPU.java:2888)
	at org.ballerinalang.bre.bvm.CPU.tryExec(CPU.java:419)
	at org.ballerinalang.bre.bvm.CPU.exec(CPU.java:153)
	at org.ballerinalang.bre.bvm.BLangScheduler.executeNow(BLangScheduler.java:81)
	at org.ballerinalang.util.program.BLangFunctions.invokeNonNativeCallable(BLangFunctions.java:320)
	at org.ballerinalang.util.program.BLangFunctions.invokeCallable(BLangFunctions.java:267)
	at org.ballerinalang.util.program.BLangFunctions.invokeCallable(BLangFunctions.java:247)
	at org.ballerinalang.util.program.BLangFunctions.invokeVMUtilFunction(BLangFunctions.java:480)
	at org.ballerinalang.util.program.BLangFunctions.invokeVMUtilFunction(BLangFunctions.java:489)
	at org.ballerinalang.testerina.util.Utils.startService(Utils.java:72)
	at org.ballerinalang.testerina.natives.test.StartServices.execute(StartServices.java:64)
	at org.ballerinalang.bre.bvm.BlockingNativeCallableUnit.execute(BlockingNativeCallableUnit.java:35)
	at org.ballerinalang.util.program.BLangFunctions.invokeNativeCallable(BLangFunctions.java:389)
	at org.ballerinalang.util.program.BLangFunctions.invokeCallable(BLangFunctions.java:260)
	at org.ballerinalang.bre.bvm.CPU.tryExec(CPU.java:411)
	at org.ballerinalang.bre.bvm.CPU.exec(CPU.java:153)
	at org.ballerinalang.bre.bvm.BLangScheduler.executeNow(BLangScheduler.java:81)
	at org.ballerinalang.util.program.BLangFunctions.invokeNonNativeCallable(BLangFunctions.java:320)
	at org.ballerinalang.util.program.BLangFunctions.invokeCallable(BLangFunctions.java:267)
	at org.ballerinalang.util.program.BLangFunctions.invokeCallable(BLangFunctions.java:247)
	at org.ballerinalang.util.program.BLangFunctions.invokeCallable(BLangFunctions.java:190)
	at org.ballerinalang.testerina.core.entity.TesterinaFunction.invoke(TesterinaFunction.java:101)
	at org.ballerinalang.testerina.core.entity.TesterinaFunction.invoke(TesterinaFunction.java:89)
	at org.ballerinalang.testerina.core.BTestRunner.lambda$null$38(BTestRunner.java:271)
	at java.util.ArrayList.forEach(ArrayList.java:1257)
	at org.ballerinalang.testerina.core.BTestRunner.lambda$execute$40(BTestRunner.java:248)
	at java.lang.Iterable.forEach(Iterable.java:75)
	at org.ballerinalang.testerina.core.BTestRunner.execute(BTestRunner.java:218)
	at org.ballerinalang.testerina.core.BTestRunner.runTest(BTestRunner.java:99)
	at org.ballerinalang.testerina.core.BTestRunner.runTest(BTestRunner.java:82)
	at org.ballerinalang.testerina.core.BTestRunner.runTest(BTestRunner.java:71)
	at org.ballerinalang.testerina.core.TestCmd.execute(TestCmd.java:160)
	at java.util.Optional.ifPresent(Optional.java:159)
	at org.ballerinalang.launcher.Main.main(Main.java:66)
 
[2018-08-04 16:54:35,676] ERROR {org.ballerinalang.net.http.HttpConnectorPortBindingListener} - Error in http endpoint 
java.net.BindException: Address already in use
	at sun.nio.ch.Net.bind0(Native Method)
	at sun.nio.ch.Net.bind(Net.java:433)
	at sun.nio.ch.Net.bind(Net.java:425)
	at sun.nio.ch.ServerSocketChannelImpl.bind(ServerSocketChannelImpl.java:223)
	at io.netty.channel.socket.nio.NioServerSocketChannel.doBind(NioServerSocketChannel.java:128)
	at io.netty.channel.AbstractChannel$AbstractUnsafe.bind(AbstractChannel.java:558)
	at io.netty.channel.DefaultChannelPipeline$HeadContext.bind(DefaultChannelPipeline.java:1283)
	at io.netty.channel.AbstractChannelHandlerContext.invokeBind(AbstractChannelHandlerContext.java:501)
	at io.netty.channel.AbstractChannelHandlerContext.bind(AbstractChannelHandlerContext.java:486)
	at io.netty.channel.DefaultChannelPipeline.bind(DefaultChannelPipeline.java:989)
	at io.netty.channel.AbstractChannel.bind(AbstractChannel.java:254)
	at io.netty.bootstrap.AbstractBootstrap$2.run(AbstractBootstrap.java:364)
	at io.netty.util.concurrent.AbstractEventExecutor.safeExecute(AbstractEventExecutor.java:163)
	at io.netty.util.concurrent.SingleThreadEventExecutor.runAllTasks(SingleThreadEventExecutor.java:404)
	at io.netty.channel.nio.NioEventLoop.run(NioEventLoop.java:463)
	at io.netty.util.concurrent.SingleThreadEventExecutor$5.run(SingleThreadEventExecutor.java:886)
	at io.netty.util.concurrent.FastThreadLocalRunnable.run(FastThreadLocalRunnable.java:30)
	at java.lang.Thread.run(Thread.java:748)
 
[2018-08-04 16:54:35,740] ERROR {org.ballerinalang.net.jms.utils.BallerinaAdapter} - Error registering the message listener for servicesavithri/phone_order_delivery_service:0.0.1deliverySystem 
javax.jms.IllegalStateException: The Consumer is closed
	at org.apache.activemq.ActiveMQMessageConsumer.checkClosed(ActiveMQMessageConsumer.java:879)
	at org.apache.activemq.ActiveMQMessageConsumer.setMessageListener(ActiveMQMessageConsumer.java:432)
	at org.ballerinalang.net.jms.nativeimpl.endpoint.common.MessageListenerHandler.createAndRegister(MessageListenerHandler.java:59)
	at org.ballerinalang.net.jms.nativeimpl.endpoint.queue.receiver.RegisterMessageListener.execute(RegisterMessageListener.java:50)
	at org.ballerinalang.util.program.BLangFunctions.invokeNativeCallable(BLangFunctions.java:389)
	at org.ballerinalang.util.program.BLangFunctions.invokeCallable(BLangFunctions.java:260)
	at org.ballerinalang.bre.bvm.CPU.invokeVirtualFunction(CPU.java:2888)
	at org.ballerinalang.bre.bvm.CPU.tryExec(CPU.java:419)
	at org.ballerinalang.bre.bvm.CPU.exec(CPU.java:153)
	at org.ballerinalang.bre.bvm.BLangScheduler.executeNow(BLangScheduler.java:81)
	at org.ballerinalang.util.program.BLangFunctions.invokeNonNativeCallable(BLangFunctions.java:320)
	at org.ballerinalang.util.program.BLangFunctions.invokeCallable(BLangFunctions.java:267)
	at org.ballerinalang.util.program.BLangFunctions.invokeCallable(BLangFunctions.java:247)
	at org.ballerinalang.util.program.BLangFunctions.invokeVMUtilFunction(BLangFunctions.java:480)
	at org.ballerinalang.util.program.BLangFunctions.invokeVMUtilFunction(BLangFunctions.java:489)
	at org.ballerinalang.testerina.util.Utils.startService(Utils.java:72)
	at org.ballerinalang.testerina.natives.test.StartServices.execute(StartServices.java:64)
	at org.ballerinalang.bre.bvm.BlockingNativeCallableUnit.execute(BlockingNativeCallableUnit.java:35)
	at org.ballerinalang.util.program.BLangFunctions.invokeNativeCallable(BLangFunctions.java:389)
	at org.ballerinalang.util.program.BLangFunctions.invokeCallable(BLangFunctions.java:260)
	at org.ballerinalang.bre.bvm.CPU.tryExec(CPU.java:411)
	at org.ballerinalang.bre.bvm.CPU.exec(CPU.java:153)
	at org.ballerinalang.bre.bvm.BLangScheduler.executeNow(BLangScheduler.java:81)
	at org.ballerinalang.util.program.BLangFunctions.invokeNonNativeCallable(BLangFunctions.java:320)
	at org.ballerinalang.util.program.BLangFunctions.invokeCallable(BLangFunctions.java:267)
	at org.ballerinalang.util.program.BLangFunctions.invokeCallable(BLangFunctions.java:247)
	at org.ballerinalang.util.program.BLangFunctions.invokeCallable(BLangFunctions.java:190)
	at org.ballerinalang.testerina.core.entity.TesterinaFunction.invoke(TesterinaFunction.java:101)
	at org.ballerinalang.testerina.core.entity.TesterinaFunction.invoke(TesterinaFunction.java:89)
	at org.ballerinalang.testerina.core.BTestRunner.lambda$null$38(BTestRunner.java:271)
	at java.util.ArrayList.forEach(ArrayList.java:1257)
	at org.ballerinalang.testerina.core.BTestRunner.lambda$execute$40(BTestRunner.java:248)
	at java.lang.Iterable.forEach(Iterable.java:75)
	at org.ballerinalang.testerina.core.BTestRunner.execute(BTestRunner.java:218)
	at org.ballerinalang.testerina.core.BTestRunner.runTest(BTestRunner.java:99)
	at org.ballerinalang.testerina.core.BTestRunner.runTest(BTestRunner.java:82)
	at org.ballerinalang.testerina.core.BTestRunner.runTest(BTestRunner.java:71)
	at org.ballerinalang.testerina.core.TestCmd.execute(TestCmd.java:160)
	at java.util.Optional.ifPresent(Optional.java:159)
	at org.ballerinalang.launcher.Main.main(Main.java:66)
 
[2018-08-04 16:57:39,035] ERROR {org.ballerinalang.net.http.HttpConnectorPortBindingListener} - Error in http endpoint 
java.net.BindException: Address already in use
	at sun.nio.ch.Net.bind0(Native Method)
	at sun.nio.ch.Net.bind(Net.java:433)
	at sun.nio.ch.Net.bind(Net.java:425)
	at sun.nio.ch.ServerSocketChannelImpl.bind(ServerSocketChannelImpl.java:223)
	at io.netty.channel.socket.nio.NioServerSocketChannel.doBind(NioServerSocketChannel.java:128)
	at io.netty.channel.AbstractChannel$AbstractUnsafe.bind(AbstractChannel.java:558)
	at io.netty.channel.DefaultChannelPipeline$HeadContext.bind(DefaultChannelPipeline.java:1283)
	at io.netty.channel.AbstractChannelHandlerContext.invokeBind(AbstractChannelHandlerContext.java:501)
	at io.netty.channel.AbstractChannelHandlerContext.bind(AbstractChannelHandlerContext.java:486)
	at io.netty.channel.DefaultChannelPipeline.bind(DefaultChannelPipeline.java:989)
	at io.netty.channel.AbstractChannel.bind(AbstractChannel.java:254)
	at io.netty.bootstrap.AbstractBootstrap$2.run(AbstractBootstrap.java:364)
	at io.netty.util.concurrent.AbstractEventExecutor.safeExecute(AbstractEventExecutor.java:163)
	at io.netty.util.concurrent.SingleThreadEventExecutor.runAllTasks(SingleThreadEventExecutor.java:404)
	at io.netty.channel.nio.NioEventLoop.run(NioEventLoop.java:463)
	at io.netty.util.concurrent.SingleThreadEventExecutor$5.run(SingleThreadEventExecutor.java:886)
	at io.netty.util.concurrent.FastThreadLocalRunnable.run(FastThreadLocalRunnable.java:30)
	at java.lang.Thread.run(Thread.java:748)
 
[2018-08-04 17:41:08,612] ERROR {org.ballerinalang.net.http.BallerinaHTTPConnectorListener} - Error in HTTP server connector: Remote client closed the connection before initiating inbound request  
[2018-08-04 17:49:32,860] ERROR {org.ballerinalang.net.http.BallerinaHTTPConnectorListener} - Error in HTTP server connector: Remote client closed the connection before initiating inbound request  
[2018-08-04 17:51:28,600] ERROR {org.ballerinalang.net.http.BallerinaHTTPConnectorListener} - Error in HTTP server connector: Remote client closed the connection before initiating inbound request  
[2018-08-04 20:06:22,053] ERROR {org.ballerinalang.net.http.HttpConnectorPortBindingListener} - Error in http endpoint 
java.net.BindException: Address already in use
	at sun.nio.ch.Net.bind0(Native Method)
	at sun.nio.ch.Net.bind(Net.java:433)
	at sun.nio.ch.Net.bind(Net.java:425)
	at sun.nio.ch.ServerSocketChannelImpl.bind(ServerSocketChannelImpl.java:223)
	at io.netty.channel.socket.nio.NioServerSocketChannel.doBind(NioServerSocketChannel.java:128)
	at io.netty.channel.AbstractChannel$AbstractUnsafe.bind(AbstractChannel.java:558)
	at io.netty.channel.DefaultChannelPipeline$HeadContext.bind(DefaultChannelPipeline.java:1283)
	at io.netty.channel.AbstractChannelHandlerContext.invokeBind(AbstractChannelHandlerContext.java:501)
	at io.netty.channel.AbstractChannelHandlerContext.bind(AbstractChannelHandlerContext.java:486)
	at io.netty.channel.DefaultChannelPipeline.bind(DefaultChannelPipeline.java:989)
	at io.netty.channel.AbstractChannel.bind(AbstractChannel.java:254)
	at io.netty.bootstrap.AbstractBootstrap$2.run(AbstractBootstrap.java:364)
	at io.netty.util.concurrent.AbstractEventExecutor.safeExecute(AbstractEventExecutor.java:163)
	at io.netty.util.concurrent.SingleThreadEventExecutor.runAllTasks(SingleThreadEventExecutor.java:404)
	at io.netty.channel.nio.NioEventLoop.run(NioEventLoop.java:463)
	at io.netty.util.concurrent.SingleThreadEventExecutor$5.run(SingleThreadEventExecutor.java:886)
	at io.netty.util.concurrent.FastThreadLocalRunnable.run(FastThreadLocalRunnable.java:30)
	at java.lang.Thread.run(Thread.java:748)
 
[2018-08-04 20:09:14,852] ERROR {org.ballerinalang.net.http.HttpConnectorPortBindingListener} - Error in http endpoint 
java.net.BindException: Address already in use
	at sun.nio.ch.Net.bind0(Native Method)
	at sun.nio.ch.Net.bind(Net.java:433)
	at sun.nio.ch.Net.bind(Net.java:425)
	at sun.nio.ch.ServerSocketChannelImpl.bind(ServerSocketChannelImpl.java:223)
	at io.netty.channel.socket.nio.NioServerSocketChannel.doBind(NioServerSocketChannel.java:128)
	at io.netty.channel.AbstractChannel$AbstractUnsafe.bind(AbstractChannel.java:558)
	at io.netty.channel.DefaultChannelPipeline$HeadContext.bind(DefaultChannelPipeline.java:1283)
	at io.netty.channel.AbstractChannelHandlerContext.invokeBind(AbstractChannelHandlerContext.java:501)
	at io.netty.channel.AbstractChannelHandlerContext.bind(AbstractChannelHandlerContext.java:486)
	at io.netty.channel.DefaultChannelPipeline.bind(DefaultChannelPipeline.java:989)
	at io.netty.channel.AbstractChannel.bind(AbstractChannel.java:254)
	at io.netty.bootstrap.AbstractBootstrap$2.run(AbstractBootstrap.java:364)
	at io.netty.util.concurrent.AbstractEventExecutor.safeExecute(AbstractEventExecutor.java:163)
	at io.netty.util.concurrent.SingleThreadEventExecutor.runAllTasks(SingleThreadEventExecutor.java:404)
	at io.netty.channel.nio.NioEventLoop.run(NioEventLoop.java:463)
	at io.netty.util.concurrent.SingleThreadEventExecutor$5.run(SingleThreadEventExecutor.java:886)
	at io.netty.util.concurrent.FastThreadLocalRunnable.run(FastThreadLocalRunnable.java:30)
	at java.lang.Thread.run(Thread.java:748)
 
[2018-08-04 20:10:31,221] ERROR {org.ballerinalang.net.http.BallerinaHTTPConnectorListener} - Error in HTTP server connector: Remote client closed the connection before initiating inbound request  
[2018-08-04 20:19:24,116] ERROR {org.ballerinalang.net.http.BallerinaHTTPConnectorListener} - Error in HTTP server connector: Remote client closed the connection before initiating inbound request  
